#
# A fatal error has been detected by the Java Runtime Environment:
#
#  Internal Error (javaCalls.cpp:51), pid=18160, tid=0x000000000000213c
#  guarantee(thread->is_Java_thread()) failed: crucial check - the VM thread cannot and must not escape to Java code
#
# JRE version: Java(TM) SE Runtime Environment (8.0_241-b07) (build 1.8.0_241-b07)
# Java VM: Java HotSpot(TM) 64-Bit Server VM (25.241-b07 mixed mode windows-amd64 compressed oops)
# Failed to write core dump. Minidumps are not enabled by default on client versions of Windows
#
# If you would like to submit a bug report, please visit:
#   http://bugreport.java.com/bugreport/crash.jsp
#

---------------  T H R E A D  ---------------

Current thread (0x0000000014e57800):  VMThread [stack: 0x0000000015ef0000,0x0000000015ff0000] [id=8508]

Stack: [0x0000000015ef0000,0x0000000015ff0000]
[error occurred during error reporting (printing stack bounds), id 0xc0000005]

Native frames: (J=compiled Java code, j=interpreted, Vv=VM code, C=native code)

VM_Operation (0x000000001692f200): GetOrSetLocal, mode: safepoint, requested by thread 0x0000000014ea4800


---------------  P R O C E S S  ---------------

Java Threads: ( => current thread )
  0x0000000016e54000 JavaThread "Service Thread" daemon [_thread_blocked, id=12720, stack(0x0000000017230000,0x0000000017330000)]
  0x0000000016e51800 JavaThread "C1 CompilerThread2" daemon [_thread_blocked, id=16044, stack(0x0000000017130000,0x0000000017230000)]
  0x0000000016e46800 JavaThread "C2 CompilerThread1" daemon [_thread_blocked, id=19252, stack(0x0000000017030000,0x0000000017130000)]
  0x0000000016e44000 JavaThread "C2 CompilerThread0" daemon [_thread_blocked, id=9316, stack(0x0000000016f30000,0x0000000017030000)]
  0x0000000014eb5800 JavaThread "JDWP Command Reader" daemon [_thread_in_native, id=4448, stack(0x0000000016a30000,0x0000000016b30000)]
  0x0000000014eb2000 JavaThread "JDWP Event Helper Thread" daemon [_thread_blocked, id=1940, stack(0x0000000016930000,0x0000000016a30000)]
  0x0000000014ea4800 JavaThread "JDWP Transport Listener: dt_socket" daemon [_thread_blocked, id=16988, stack(0x0000000016830000,0x0000000016930000)]
  0x0000000014e9a800 JavaThread "Attach Listener" daemon [_thread_blocked, id=16664, stack(0x00000000163f0000,0x00000000164f0000)]
  0x0000000014e99000 JavaThread "Signal Dispatcher" daemon [_thread_blocked, id=16156, stack(0x00000000162f0000,0x00000000163f0000)]
  0x00000000028ee000 JavaThread "Finalizer" daemon [_thread_blocked, id=11352, stack(0x00000000160f0000,0x00000000161f0000)]
  0x00000000028e5000 JavaThread "Reference Handler" daemon [_thread_blocked, id=17324, stack(0x0000000015ff0000,0x00000000160f0000)]
  0x00000000027f5000 JavaThread "main" [_thread_blocked, id=16264, stack(0x00000000025f0000,0x00000000026f0000)]

Other Threads:
=>0x0000000014e57800 VMThread [stack: 0x0000000015ef0000,0x0000000015ff0000] [id=8508]
  0x0000000016f2b800 WatcherThread [stack: 0x0000000017b30000,0x0000000017c30000] [id=12644]

VM state:at safepoint (normal execution)

VM Mutex/Monitor currently owned by a thread:  ([mutex/lock_event])
[0x00000000027f2050] Threads_lock - owner thread: 0x0000000014e57800

heap address: 0x00000000c2000000, size: 992 MB, Compressed Oops mode: 32-bit
Narrow klass base: 0x0000000000000000, Narrow klass shift: 3
Compressed class space size: 1073741824 Address: 0x0000000100000000

Heap:
 PSYoungGen      total 18432K, used 7253K [0x00000000eb580000, 0x00000000eca00000, 0x0000000100000000)
  eden space 15872K, 45% used [0x00000000eb580000,0x00000000ebc95788,0x00000000ec500000)
  from space 2560K, 0% used [0x00000000ec780000,0x00000000ec780000,0x00000000eca00000)
  to   space 2560K, 0% used [0x00000000ec500000,0x00000000ec500000,0x00000000ec780000)
 ParOldGen       total 42496K, used 0K [0x00000000c2000000, 0x00000000c4980000, 0x00000000eb580000)
  object space 42496K, 0% used [0x00000000c2000000,0x00000000c2000000,0x00000000c4980000)
 Metaspace       used 5034K, capacity 5138K, committed 5248K, reserved 1056768K
  class space    used 527K, capacity 561K, committed 640K, reserved 1048576K

Card table byte_map: [0x0000000011cb0000,0x0000000011eb0000] byte_map_base: 0x00000000116a0000

Marking Bits: (ParMarkBitMap*) 0x00000000530cbe30
 Begin Bits: [0x0000000012400000, 0x0000000013380000)
 End Bits:   [0x0000000013380000, 0x0000000014300000)

Polling page: 0x0000000000a00000

CodeCache: size=245760Kb used=1442Kb max_used=1445Kb free=244317Kb
 bounds [0x00000000028f0000, 0x0000000002b60000, 0x00000000118f0000]
 total_blobs=449 nmethods=162 adapters=209
 compilation: enabled

Compilation events (10 events):
Event: 251.163 Thread 0x0000000016e51800  158       3       org.eclipse.jdt.launching.internal.org.objectweb.asm.SymbolTable::put (150 bytes)
Event: 251.163 Thread 0x0000000016e44000  159       4       java.lang.String::equals (81 bytes)
Event: 251.164 Thread 0x0000000016e51800 nmethod 158 0x0000000002a55cd0 code [0x0000000002a55e80, 0x0000000002a565d0]
Event: 251.171 Thread 0x0000000016e44000 nmethod 159 0x0000000002a59910 code [0x0000000002a59a60, 0x0000000002a59d58]
Event: 323.814 Thread 0x0000000016e51800  160       3       org.eclipse.jdt.launching.internal.org.objectweb.asm.ClassReader::readClass (7 bytes)
Event: 323.815 Thread 0x0000000016e51800 nmethod 160 0x0000000002a58dd0 code [0x0000000002a58f80, 0x0000000002a594a8]
Event: 323.815 Thread 0x0000000016e51800  161       3       org.eclipse.jdt.launching.internal.org.objectweb.asm.ClassReader::readStringish (16 bytes)
Event: 323.817 Thread 0x0000000016e51800 nmethod 161 0x0000000002a58450 code [0x0000000002a585e0, 0x0000000002a58a88]
Event: 323.817 Thread 0x0000000016e51800  162       3       org.eclipse.jdt.launching.internal.org.objectweb.asm.SymbolTable::addConstantUtf8Reference (101 bytes)
Event: 323.818 Thread 0x0000000016e51800 nmethod 162 0x0000000002a57550 code [0x0000000002a57740, 0x0000000002a58018]

GC Heap History (0 events):
No events

Deoptimization events (0 events):
No events

Classes redefined (5 events):
Event: 203.115 Thread 0x0000000014e57800 redefined class name=com.articlemanagement.Test2, count=1
Event: 220.007 Thread 0x0000000014e57800 redefined class name=com.articlemanagement.Test2, count=2
Event: 241.442 Thread 0x0000000014e57800 redefined class name=com.articlemanagement.Test2, count=3
Event: 251.166 Thread 0x0000000014e57800 redefined class name=com.articlemanagement.Test2, count=4
Event: 323.817 Thread 0x0000000014e57800 redefined class name=com.articlemanagement.Test2, count=5

Internal exceptions (2 events):
Event: 0.127 Thread 0x00000000027f5000 Exception <a 'java/lang/NoSuchMethodError': Method sun.misc.Unsafe.defineClass(Ljava/lang/String;[BII)Ljava/lang/Class; name or signature does not match> (0x00000000eb587cc0) thrown at [C:\ade\jenkins\workspace\8-2-build-windows-amd64-cygwin\jdk8u241\331\
Event: 0.127 Thread 0x00000000027f5000 Exception <a 'java/lang/NoSuchMethodError': Method sun.misc.Unsafe.prefetchRead(Ljava/lang/Object;J)V name or signature does not match> (0x00000000eb587fa8) thrown at [C:\ade\jenkins\workspace\8-2-build-windows-amd64-cygwin\jdk8u241\331\hotspot\src\share\

Events (10 events):
Event: 323.817 Executing VM operation: RedefineClasses done
Event: 323.825 Executing VM operation: ChangeBreakpoints
Event: 323.825 Executing VM operation: ChangeBreakpoints done
Event: 323.831 Executing VM operation: ChangeBreakpoints
Event: 323.831 Executing VM operation: ChangeBreakpoints done
Event: 323.975 Executing VM operation: GetOwnedMonitorInfo
Event: 323.975 Executing VM operation: GetOwnedMonitorInfo done
Event: 323.975 Executing VM operation: GetCurrentContendedMonitor
Event: 323.976 Executing VM operation: GetCurrentContendedMonitor done
Event: 340.289 Executing VM operation: GetOrSetLocal


Dynamic libraries:
0x00007ff721b70000 - 0x00007ff721ba7000 	C:\Program Files\Java\jdk1.8.0_241\bin\javaw.exe
0x00007fffd7cc0000 - 0x00007fffd7eb0000 	C:\Windows\SYSTEM32\ntdll.dll
0x00007fffd6740000 - 0x00007fffd67f2000 	C:\Windows\System32\KERNEL32.DLL
0x00007fffd4e10000 - 0x00007fffd50b3000 	C:\Windows\System32\KERNELBASE.dll
0x00007fffd6800000 - 0x00007fffd68a3000 	C:\Windows\System32\ADVAPI32.dll
0x00007fffd63d0000 - 0x00007fffd646e000 	C:\Windows\System32\msvcrt.dll
0x00007fffd60c0000 - 0x00007fffd6157000 	C:\Windows\System32\sechost.dll
0x00007fffd71a0000 - 0x00007fffd72c0000 	C:\Windows\System32\RPCRT4.dll
0x00007fffd5f20000 - 0x00007fffd60b4000 	C:\Windows\System32\USER32.dll
0x00007fffd50f0000 - 0x00007fffd5111000 	C:\Windows\System32\win32u.dll
0x00007fffd5da0000 - 0x00007fffd5dc6000 	C:\Windows\System32\GDI32.dll
0x00007fffd5280000 - 0x00007fffd5414000 	C:\Windows\System32\gdi32full.dll
0x00007fffd4d00000 - 0x00007fffd4d9e000 	C:\Windows\System32\msvcp_win.dll
0x00007fffd5120000 - 0x00007fffd521a000 	C:\Windows\System32\ucrtbase.dll
0x00007fffc3ee0000 - 0x00007fffc4165000 	C:\Windows\WinSxS\amd64_microsoft.windows.common-controls_6595b64144ccf1df_6.0.18362.778_none_e6c6b761130d4fb8\COMCTL32.dll
0x00007fffd7940000 - 0x00007fffd7c76000 	C:\Windows\System32\combase.dll
0x00007fffd5570000 - 0x00007fffd55f0000 	C:\Windows\System32\bcryptPrimitives.dll
0x00007fffd5d70000 - 0x00007fffd5d9e000 	C:\Windows\System32\IMM32.DLL
0x00000000548d0000 - 0x00000000549a2000 	C:\Program Files\Java\jdk1.8.0_241\jre\bin\msvcr100.dll
0x00000000528a0000 - 0x000000005314c000 	C:\Program Files\Java\jdk1.8.0_241\jre\bin\server\jvm.dll
0x00007fffd6690000 - 0x00007fffd6698000 	C:\Windows\System32\PSAPI.DLL
0x00007fffcc1d0000 - 0x00007fffcc1d9000 	C:\Windows\SYSTEM32\WSOCK32.dll
0x00007fffd66d0000 - 0x00007fffd673f000 	C:\Windows\System32\WS2_32.dll
0x00007fffcc360000 - 0x00007fffcc384000 	C:\Windows\SYSTEM32\WINMM.dll
0x00007fffccb90000 - 0x00007fffccb9a000 	C:\Windows\SYSTEM32\VERSION.dll
0x00007fffcc330000 - 0x00007fffcc35d000 	C:\Windows\SYSTEM32\WINMMBASE.dll
0x00007fffd4dc0000 - 0x00007fffd4e0a000 	C:\Windows\System32\cfgmgr32.dll
0x00007fffc8f40000 - 0x00007fffc8f4f000 	C:\Program Files\Java\jdk1.8.0_241\jre\bin\verify.dll
0x00007fffc8cd0000 - 0x00007fffc8cf9000 	C:\Program Files\Java\jdk1.8.0_241\jre\bin\java.dll
0x00007fffd1440000 - 0x00007fffd1475000 	C:\Program Files\Java\jdk1.8.0_241\jre\bin\jdwp.dll
0x00007fffc8d50000 - 0x00007fffc8d58000 	C:\Program Files\Java\jdk1.8.0_241\jre\bin\npt.dll
0x00007fffbf630000 - 0x00007fffbf653000 	C:\Program Files\Java\jdk1.8.0_241\jre\bin\instrument.dll
0x00007fffc8bd0000 - 0x00007fffc8be6000 	C:\Program Files\Java\jdk1.8.0_241\jre\bin\zip.dll
0x00007fffd6ab0000 - 0x00007fffd7195000 	C:\Windows\System32\SHELL32.dll
0x00007fffd62c0000 - 0x00007fffd6369000 	C:\Windows\System32\shcore.dll
0x00007fffd55f0000 - 0x00007fffd5d70000 	C:\Windows\System32\windows.storage.dll
0x00007fffd4c00000 - 0x00007fffd4c23000 	C:\Windows\System32\profapi.dll
0x00007fffd4bb0000 - 0x00007fffd4bfa000 	C:\Windows\System32\powrprof.dll
0x00007fffd4b80000 - 0x00007fffd4b90000 	C:\Windows\System32\UMPDC.dll
0x00007fffd7730000 - 0x00007fffd7782000 	C:\Windows\System32\shlwapi.dll
0x00007fffd4c30000 - 0x00007fffd4c41000 	C:\Windows\System32\kernel.appcore.dll
0x00007fffd4da0000 - 0x00007fffd4db7000 	C:\Windows\System32\cryptsp.dll
0x00007fffc8c60000 - 0x00007fffc8c69000 	C:\Program Files\Java\jdk1.8.0_241\jre\bin\dt_socket.dll
0x00007fffafac0000 - 0x00007fffafad6000 	C:\Windows\system32\napinsp.dll
0x00007fffafaa0000 - 0x00007fffafaba000 	C:\Windows\system32\pnrpnsp.dll
0x00007fffd4390000 - 0x00007fffd43f7000 	C:\Windows\System32\mswsock.dll
0x00007fffd40e0000 - 0x00007fffd41aa000 	C:\Windows\SYSTEM32\DNSAPI.dll
0x00007fffd66c0000 - 0x00007fffd66c8000 	C:\Windows\System32\NSI.dll
0x00007fffd40a0000 - 0x00007fffd40da000 	C:\Windows\SYSTEM32\IPHLPAPI.DLL
0x00007fffbc780000 - 0x00007fffbc78e000 	C:\Windows\System32\winrnr.dll
0x00007fffd1370000 - 0x00007fffd138c000 	C:\Windows\system32\NLAapi.dll
0x00007fffcfe90000 - 0x00007fffcfea5000 	C:\Windows\system32\wshbth.dll
0x00007fffcccd0000 - 0x00007fffccd47000 	C:\Windows\System32\fwpuclnt.dll
0x00007fffd50c0000 - 0x00007fffd50e6000 	C:\Windows\System32\bcrypt.dll
0x00007fffcbc80000 - 0x00007fffcbc8a000 	C:\Windows\System32\rasadhlp.dll

VM Arguments:
jvm_args: -agentlib:jdwp=transport=dt_socket,suspend=y,address=localhost:56831 -javaagent:C:\Users\sajwa\eclipse\java-2020-03\eclipse\configuration\org.eclipse.osgi\223\0\.cp\lib\javaagent-shaded.jar -Dfile.encoding=UTF-8 
java_command: com.articlemanagement.Test2
java_class_path (initial): C:\Users\sajwa\Desktop\Xebia\demo\target\classes;C:\Users\sajwa\.m2\repository\org\springframework\boot\spring-boot-starter-data-jpa\1.5.3.RELEASE\spring-boot-starter-data-jpa-1.5.3.RELEASE.jar;C:\Users\sajwa\.m2\repository\org\springframework\boot\spring-boot-starter\1.5.3.RELEASE\spring-boot-starter-1.5.3.RELEASE.jar;C:\Users\sajwa\.m2\repository\org\springframework\boot\spring-boot\1.5.3.RELEASE\spring-boot-1.5.3.RELEASE.jar;C:\Users\sajwa\.m2\repository\org\springframework\boot\spring-boot-autoconfigure\1.5.3.RELEASE\spring-boot-autoconfigure-1.5.3.RELEASE.jar;C:\Users\sajwa\.m2\repository\org\springframework\boot\spring-boot-starter-logging\1.5.3.RELEASE\spring-boot-starter-logging-1.5.3.RELEASE.jar;C:\Users\sajwa\.m2\repository\ch\qos\logback\logback-classic\1.1.11\logback-classic-1.1.11.jar;C:\Users\sajwa\.m2\repository\ch\qos\logback\logback-core\1.1.11\logback-core-1.1.11.jar;C:\Users\sajwa\.m2\repository\org\slf4j\jul-to-slf4j\1.7.25\jul-to-slf4j-1.7.25.jar;C:\Users\sajwa\.m2\repository\org\slf4j\log4j-over-slf4j\1.7.25\log4j-over-slf4j-1.7.25.jar;C:\Users\sajwa\.m2\repository\org\yaml\snakeyaml\1.17\snakeyaml-1.17.jar;C:\Users\sajwa\.m2\repository\org\springframework\boot\spring-boot-starter-aop\1.5.3.RELEASE\spring-boot-starter-aop-1.5.3.RELEASE.jar;C:\Users\sajwa\.m2\repository\org\springframework\spring-aop\4.3.8.RELEASE\spring-aop-4.3.8.RELEASE.jar;C:\Users\sajwa\.m2\repository\org\aspectj\aspectjweaver\1.8.10\aspectjweaver-1.8.10.jar;C:\Users\sajwa\.m2\repository\org\springframework\boot\spring-boot-starter-jdbc\1.5.3.RELEASE\spring-boot-starter-jdbc-1.5.3.RELEASE.jar;C:\Users\sajwa\.m2\repository\org\apache\tomcat\tomcat-jdbc\8.5.14\tomcat-jdbc-8.5.14.jar;C:\Users\sajwa\.m2\repository\org\apache\tomcat\tomcat-juli\8.5.14\tomcat-juli-8.5.14.jar;C:\Users\sajwa\.m2\repository\org\springframework\spring-jdbc\4.3.8.RELEASE\spring-jdbc-4.3.8.RELEASE.jar;C:\Users\sajwa\.m2\repository\org\hibernate\hibernate-core\5.0.12.Final\hi
Launcher Type: SUN_STANDARD

Environment Variables:
JAVA_HOME=C:\Program Files\Java\jdk1.8.0_241
PATH=C:\Program Files\Java\jdk1.8.0_241\jre\bin;C:/Program Files/Java/jdk1.8.0_241/bin/../jre/bin/server;C:/Program Files/Java/jdk1.8.0_241/bin/../jre/bin;C:/Program Files/Java/jdk1.8.0_241/bin/../jre/lib/amd64;C:\Program Files (x86)\Common Files\Oracle\Java\javapath;C:\Windows\system32;C:\Windows;C:\Windows\System32\Wbem;C:\Windows\System32\WindowsPowerShell\v1.0\;C:\Windows\System32\OpenSSH\;C:\Program Files\Java\jdk1.8.0_241\bin;C:\Users\sajwa\Documents\Softwares\Apache Maven\apache-maven-3.6.3-bin\apache-maven\bin;C:\Program Files\Git\cmd;C:\Program Files\PuTTY\;C:\Program Files\MySQL\MySQL Shell 8.0\bin\;C:\Users\sajwa\AppData\Local\Microsoft\WindowsApps;;C:\Program Files\Docker Toolbox;C:\Users\sajwa\Desktop;
USERNAME=sajwa
OS=Windows_NT
PROCESSOR_IDENTIFIER=AMD64 Family 21 Model 101 Stepping 1, AuthenticAMD



---------------  S Y S T E M  ---------------

OS: Windows 10.0 , 64 bit Build 18362 (10.0.18362.778)

CPU:total 4 (initial active 4) (4 cores per cpu, 1 threads per core) family 21 model 101 stepping 1, cmov, cx8, fxsr, mmx, sse, sse2, sse3, ssse3, sse4.1, sse4.2, popcnt, avx, avx2, aes, clmul, mmxext, 3dnowpref, lzcnt, sse4a, tsc, tscinvbit, tscinv, bmi1

Memory: 4k page, physical 4062584k(658560k free), swap 13466584k(4362116k free)

vm_info: Java HotSpot(TM) 64-Bit Server VM (25.241-b07) for windows-amd64 JRE (1.8.0_241-b07), built on Dec 11 2019 10:21:40 by "rejava" with MS VC++ 10.0 (VS2010)

time: Thu May 14 04:38:31 2020
timezone: India Standard Time
elapsed time: 340 seconds (0d 0h 5m 40s)

